2026-06-08 22:33:31.894902 - [SUCCESS] case_001 berhasil diproses dan disimpan.
2026-06-08 22:33:31.898036 - [SUCCESS] case_002 berhasil diproses dan disimpan.
2026-06-08 22:33:31.898701 - [SUCCESS] case_003 berhasil diproses dan disimpan.
2026-06-08 22:33:31.899791 - [SUCCESS] case_004 berhasil diproses dan disimpan.
2026-06-08 22:33:31.901246 - [SUCCESS] case_005 berhasil diproses dan disimpan.
2026-06-08 22:33:31.902501 - [SUCCESS] case_006 berhasil diproses dan disimpan.
2026-06-08 22:33:31.903061 - [SUCCESS] case_007 berhasil diproses dan disimpan.
2026-06-08 22:33:31.903613 - [SUCCESS] case_008 berhasil diproses dan disimpan.
2026-06-08 22:33:31.904101 - [SUCCESS] case_009 berhasil diproses dan disimpan.
2026-06-08 22:33:31.905065 - [SUCCESS] case_010 berhasil diproses dan disimpan.
2026-06-08 22:33:31.905586 - [SUCCESS] case_011 berhasil diproses dan disimpan.
2026-06-08 22:33:31.906018 - [SUCCESS] case_012 berhasil diproses dan disimpan.
2026-06-08 22:33:31.906411 - [SUCCESS] case_013 berhasil diproses dan disimpan.
2026-06-08 22:33:31.906928 - [SUCCESS] case_014 berhasil diproses dan disimpan.
2026-06-08 22:33:31.907303 - [SUCCESS] case_015 berhasil diproses dan disimpan.
2026-06-08 22:33:31.907667 - [SUCCESS] case_016 berhasil diproses dan disimpan.
2026-06-08 22:33:31.908542 - [SUCCESS] case_017 berhasil diproses dan disimpan.
2026-06-08 22:33:31.908940 - [SUCCESS] case_018 berhasil diproses dan disimpan.
2026-06-08 22:33:31.909294 - [SUCCESS] case_019 berhasil diproses dan disimpan.
2026-06-08 22:33:31.909672 - [SUCCESS] case_020 berhasil diproses dan disimpan.
2026-06-08 22:33:31.909999 - [SUCCESS] case_021 berhasil diproses dan disimpan.
2026-06-08 22:33:31.910334 - [SUCCESS] case_022 berhasil diproses dan disimpan.
2026-06-08 22:33:31.910725 - [SUCCESS] case_023 berhasil diproses dan disimpan.
2026-06-08 22:33:31.911053 - [SUCCESS] case_024 berhasil diproses dan disimpan.
2026-06-08 22:33:31.911420 - [SUCCESS] case_025 berhasil diproses dan disimpan.
2026-06-08 22:33:31.911774 - [SUCCESS] case_026 berhasil diproses dan disimpan.
2026-06-08 22:33:31.915104 - [SUCCESS] case_027 berhasil diproses dan disimpan.
2026-06-08 22:33:31.916887 - [SUCCESS] case_028 berhasil diproses dan disimpan.
2026-06-08 22:33:31.918604 - [SUCCESS] case_029 berhasil diproses dan disimpan.
2026-06-08 22:33:31.918980 - [SUCCESS] case_030 berhasil diproses dan disimpan.
2026-06-08 22:33:31.919319 - [SUCCESS] case_031 berhasil diproses dan disimpan.
2026-06-08 22:33:31.920603 - [SUCCESS] case_032 berhasil diproses dan disimpan.
2026-06-08 22:33:31.921032 - [SUCCESS] case_033 berhasil diproses dan disimpan.
2026-06-08 22:33:31.921442 - [SUCCESS] case_034 berhasil diproses dan disimpan.
2026-06-09 19:56:39,073 | ERROR | Gagal ekstrak PDF putusan_1006_pid.b_2024_pn_mdn_20260609192006.pdf: No module named 'pdfminer'
2026-06-09 19:56:39,081 | WARNING | SKIP case_001 (putusan_1006_pid.b_2024_pn_mdn_20260609192006.pdf) | chars=0 | q=0.0
2026-06-09 19:56:39,082 | ERROR | Gagal ekstrak PDF putusan_1055_pid.b_2024_pn_mdn_20260609191737.pdf: No module named 'pdfminer'
2026-06-09 19:56:39,083 | WARNING | SKIP case_002 (putusan_1055_pid.b_2024_pn_mdn_20260609191737.pdf) | chars=0 | q=0.0
2026-06-09 19:56:39,084 | ERROR | Gagal ekstrak PDF putusan_1063_pid.b_2024_pn_mdn_20260609192042.pdf: No module named 'pdfminer'
2026-06-09 19:56:39,086 | WARNING | SKIP case_003 (putusan_1063_pid.b_2024_pn_mdn_20260609192042.pdf) | chars=0 | q=0.0
2026-06-09 19:56:39,088 | ERROR | Gagal ekstrak PDF putusan_1080_pid.b_2024_pn_mdn_20260609192153.pdf: No module named 'pdfminer'
2026-06-09 19:56:39,089 | WARNING | SKIP case_004 (putusan_1080_pid.b_2024_pn_mdn_20260609192153.pdf) | chars=0 | q=0.0
2026-06-09 19:56:39,091 | ERROR | Gagal ekstrak PDF putusan_1101_pid.b_2024_pn_mdn_20260609191930.pdf: No module named 'pdfminer'
2026-06-09 19:56:39,092 | WARNING | SKIP case_005 (putusan_1101_pid.b_2024_pn_mdn_20260609191930.pdf) | chars=0 | q=0.0
2026-06-09 19:56:39,094 | ERROR | Gagal ekstrak PDF putusan_1102_pid.b_2024_pn_mdn_20260609192343.pdf: No module named 'pdfminer'
2026-06-09 19:56:39,095 | WARNING | SKIP case_006 (putusan_1102_pid.b_2024_pn_mdn_20260609192343.pdf) | chars=0 | q=0.0
2026-06-09 19:56:39,096 | ERROR | Gagal ekstrak PDF putusan_1114_pid.b_2024_pn_mdn_20260609191354.pdf: No module named 'pdfminer'
2026-06-09 19:56:39,098 | WARNING | SKIP case_007 (putusan_1114_pid.b_2024_pn_mdn_20260609191354.pdf) | chars=0 | q=0.0
2026-06-09 19:56:39,099 | ERROR | Gagal ekstrak PDF putusan_1115_pid.b_2024_pn_mdn_20260609191333.pdf: No module named 'pdfminer'
2026-06-09 19:56:39,100 | WARNING | SKIP case_008 (putusan_1115_pid.b_2024_pn_mdn_20260609191333.pdf) | chars=0 | q=0.0
2026-06-09 19:56:39,102 | ERROR | Gagal ekstrak PDF putusan_1116_pid.b_2024_pn_mdn_20260609191435.pdf: No module named 'pdfminer'
2026-06-09 19:56:39,106 | WARNING | SKIP case_009 (putusan_1116_pid.b_2024_pn_mdn_20260609191435.pdf) | chars=0 | q=0.0
2026-06-09 19:56:39,108 | ERROR | Gagal ekstrak PDF putusan_1124_pid.b_2024_pn_mdn_20260609192409.pdf: No module named 'pdfminer'
2026-06-09 19:56:39,110 | WARNING | SKIP case_010 (putusan_1124_pid.b_2024_pn_mdn_20260609192409.pdf) | chars=0 | q=0.0
2026-06-09 19:56:39,111 | ERROR | Gagal ekstrak PDF putusan_1145_pid.b_2024_pn_mdn_20260609191124.pdf: No module named 'pdfminer'
2026-06-09 19:56:39,112 | WARNING | SKIP case_011 (putusan_1145_pid.b_2024_pn_mdn_20260609191124.pdf) | chars=0 | q=0.0
2026-06-09 19:56:39,113 | ERROR | Gagal ekstrak PDF putusan_1157_pid.b_2024_pn_mdn_20260609191712.pdf: No module named 'pdfminer'
2026-06-09 19:56:39,117 | WARNING | SKIP case_012 (putusan_1157_pid.b_2024_pn_mdn_20260609191712.pdf) | chars=0 | q=0.0
2026-06-09 19:56:39,119 | ERROR | Gagal ekstrak PDF putusan_1227_pid.b_2024_pn_mdn_20260609191523.pdf: No module named 'pdfminer'
2026-06-09 19:56:39,122 | WARNING | SKIP case_013 (putusan_1227_pid.b_2024_pn_mdn_20260609191523.pdf) | chars=0 | q=0.0
2026-06-09 19:56:39,123 | ERROR | Gagal ekstrak PDF putusan_1263_pid.b_2024_pn_mdn_20260609191655.pdf: No module named 'pdfminer'
2026-06-09 19:56:39,124 | WARNING | SKIP case_014 (putusan_1263_pid.b_2024_pn_mdn_20260609191655.pdf) | chars=0 | q=0.0
2026-06-09 19:56:39,126 | ERROR | Gagal ekstrak PDF putusan_1276_pid.b_2024_pn_mdn_20260609191819.pdf: No module named 'pdfminer'
2026-06-09 19:56:39,127 | WARNING | SKIP case_015 (putusan_1276_pid.b_2024_pn_mdn_20260609191819.pdf) | chars=0 | q=0.0
2026-06-09 19:56:39,129 | ERROR | Gagal ekstrak PDF putusan_1282_pid.b_2024_pn_mdn_20260609191856.pdf: No module named 'pdfminer'
2026-06-09 19:56:39,130 | WARNING | SKIP case_016 (putusan_1282_pid.b_2024_pn_mdn_20260609191856.pdf) | chars=0 | q=0.0
2026-06-09 19:56:39,132 | ERROR | Gagal ekstrak PDF putusan_1295_pid.b_2024_pn_mdn_20260609191033.pdf: No module named 'pdfminer'
2026-06-09 19:56:39,133 | WARNING | SKIP case_017 (putusan_1295_pid.b_2024_pn_mdn_20260609191033.pdf) | chars=0 | q=0.0
2026-06-09 19:56:39,134 | ERROR | Gagal ekstrak PDF putusan_1333_pid.b_2024_pn_mdn_20260609191633.pdf: No module named 'pdfminer'
2026-06-09 19:56:39,134 | WARNING | SKIP case_018 (putusan_1333_pid.b_2024_pn_mdn_20260609191633.pdf) | chars=0 | q=0.0
2026-06-09 19:56:39,140 | ERROR | Gagal ekstrak PDF putusan_1355_pid.b_2024_pn_mdn_20260609191257.pdf: No module named 'pdfminer'
2026-06-09 19:56:39,145 | WARNING | SKIP case_019 (putusan_1355_pid.b_2024_pn_mdn_20260609191257.pdf) | chars=0 | q=0.0
2026-06-09 19:56:39,148 | ERROR | Gagal ekstrak PDF putusan_1454_pid.b_2024_pn_mdn_20260609191540.pdf: No module named 'pdfminer'
2026-06-09 19:56:39,149 | WARNING | SKIP case_020 (putusan_1454_pid.b_2024_pn_mdn_20260609191540.pdf) | chars=0 | q=0.0
2026-06-09 19:56:39,151 | ERROR | Gagal ekstrak PDF putusan_1455_pid.b_2024_pn_mdn_20260609191611.pdf: No module named 'pdfminer'
2026-06-09 19:56:39,152 | WARNING | SKIP case_021 (putusan_1455_pid.b_2024_pn_mdn_20260609191611.pdf) | chars=0 | q=0.0
2026-06-09 19:56:39,155 | ERROR | Gagal ekstrak PDF putusan_1499_pid.b_2024_pn_mdn_20260609191104.pdf: No module named 'pdfminer'
2026-06-09 19:56:39,156 | WARNING | SKIP case_022 (putusan_1499_pid.b_2024_pn_mdn_20260609191104.pdf) | chars=0 | q=0.0
2026-06-09 19:56:39,158 | ERROR | Gagal ekstrak PDF putusan_1522_pid.b_2024_pn_mdn_20260609190933.pdf: No module named 'pdfminer'
2026-06-09 19:56:39,164 | WARNING | SKIP case_023 (putusan_1522_pid.b_2024_pn_mdn_20260609190933.pdf) | chars=0 | q=0.0
2026-06-09 19:56:39,167 | ERROR | Gagal ekstrak PDF putusan_1535_pid.b_2024_pn_mdn_20260609191053.pdf: No module named 'pdfminer'
2026-06-09 19:56:39,168 | WARNING | SKIP case_024 (putusan_1535_pid.b_2024_pn_mdn_20260609191053.pdf) | chars=0 | q=0.0
2026-06-09 19:56:39,178 | ERROR | Gagal ekstrak PDF putusan_1551_pid.b_2024_pn_mdn_20260609190819.pdf: No module named 'pdfminer'
2026-06-09 19:56:39,179 | WARNING | SKIP case_025 (putusan_1551_pid.b_2024_pn_mdn_20260609190819.pdf) | chars=0 | q=0.0
2026-06-09 19:56:39,180 | ERROR | Gagal ekstrak PDF putusan_1606_pid.b_2024_pn_mdn_20260609191138.pdf: No module named 'pdfminer'
2026-06-09 19:56:39,181 | WARNING | SKIP case_026 (putusan_1606_pid.b_2024_pn_mdn_20260609191138.pdf) | chars=0 | q=0.0
2026-06-09 19:56:39,182 | ERROR | Gagal ekstrak PDF putusan_1693_pid.b_2024_pn_mdn_20260609190720.pdf: No module named 'pdfminer'
2026-06-09 19:56:39,183 | WARNING | SKIP case_027 (putusan_1693_pid.b_2024_pn_mdn_20260609190720.pdf) | chars=0 | q=0.0
2026-06-09 19:56:39,184 | ERROR | Gagal ekstrak PDF putusan_1710_pid.b_2024_pn_mdn_20260609190758.pdf: No module named 'pdfminer'
2026-06-09 19:56:39,185 | WARNING | SKIP case_028 (putusan_1710_pid.b_2024_pn_mdn_20260609190758.pdf) | chars=0 | q=0.0
2026-06-09 19:56:39,187 | ERROR | Gagal ekstrak PDF putusan_1730_pid.b_2024_pn_mdn_20260609190741.pdf: No module named 'pdfminer'
2026-06-09 19:56:39,188 | WARNING | SKIP case_029 (putusan_1730_pid.b_2024_pn_mdn_20260609190741.pdf) | chars=0 | q=0.0
2026-06-09 19:56:39,192 | ERROR | Gagal ekstrak PDF putusan_1782_pid.b_2024_pn_mdn_20260609190833.pdf: No module named 'pdfminer'
2026-06-09 19:56:39,195 | WARNING | SKIP case_030 (putusan_1782_pid.b_2024_pn_mdn_20260609190833.pdf) | chars=0 | q=0.0
2026-06-09 19:56:39,197 | ERROR | Gagal ekstrak PDF putusan_1846_pid.b_2024_pn_mdn_20260609190849.pdf: No module named 'pdfminer'
2026-06-09 19:56:39,199 | WARNING | SKIP case_031 (putusan_1846_pid.b_2024_pn_mdn_20260609190849.pdf) | chars=0 | q=0.0
2026-06-09 19:56:39,201 | ERROR | Gagal ekstrak PDF putusan_1904_pid.b_2024_pn_mdn_20260609190642.pdf: No module named 'pdfminer'
2026-06-09 19:56:39,201 | WARNING | SKIP case_032 (putusan_1904_pid.b_2024_pn_mdn_20260609190642.pdf) | chars=0 | q=0.0
2026-06-09 19:56:39,204 | ERROR | Gagal ekstrak PDF putusan_1959_pid.b_2024_pn_mdn_20260609190657.pdf: No module named 'pdfminer'
2026-06-09 19:56:39,210 | WARNING | SKIP case_033 (putusan_1959_pid.b_2024_pn_mdn_20260609190657.pdf) | chars=0 | q=0.0
2026-06-09 19:56:39,217 | ERROR | Gagal ekstrak PDF putusan_2065_pid.b_2024_pn_mdn_20260609190559.pdf: No module named 'pdfminer'
2026-06-09 19:56:39,218 | WARNING | SKIP case_034 (putusan_2065_pid.b_2024_pn_mdn_20260609190559.pdf) | chars=0 | q=0.0
2026-06-09 19:56:39,235 | ERROR | Gagal ekstrak PDF putusan_446_pid.b_2024_pn_mdn_20260609193020.pdf: No module named 'pdfminer'
2026-06-09 19:56:39,248 | WARNING | SKIP case_035 (putusan_446_pid.b_2024_pn_mdn_20260609193020.pdf) | chars=0 | q=0.0
2026-06-09 19:56:39,249 | ERROR | Gagal ekstrak PDF putusan_447_pid.b_2024_pn_mdn_20260609192846.pdf: No module named 'pdfminer'
2026-06-09 19:56:39,250 | WARNING | SKIP case_036 (putusan_447_pid.b_2024_pn_mdn_20260609192846.pdf) | chars=0 | q=0.0
2026-06-09 19:56:39,251 | ERROR | Gagal ekstrak PDF putusan_532_pid.b_2024_pn_mdn_20260609192741.pdf: No module named 'pdfminer'
2026-06-09 19:56:39,257 | WARNING | SKIP case_037 (putusan_532_pid.b_2024_pn_mdn_20260609192741.pdf) | chars=0 | q=0.0
2026-06-09 19:56:39,262 | ERROR | Gagal ekstrak PDF putusan_534_pid.b_2024_pn_mdn_20260609192945.pdf: No module named 'pdfminer'
2026-06-09 19:56:39,265 | WARNING | SKIP case_038 (putusan_534_pid.b_2024_pn_mdn_20260609192945.pdf) | chars=0 | q=0.0
2026-06-09 19:56:39,266 | ERROR | Gagal ekstrak PDF putusan_558_pid.b_2024_pn_mdn_20260608205619.pdf: No module named 'pdfminer'
2026-06-09 19:56:39,267 | WARNING | SKIP case_039 (putusan_558_pid.b_2024_pn_mdn_20260608205619.pdf) | chars=0 | q=0.0
2026-06-09 19:56:39,268 | ERROR | Gagal ekstrak PDF putusan_570_pid.b_2024_pn_mdn_20260609193209.pdf: No module named 'pdfminer'
2026-06-09 19:56:39,270 | WARNING | SKIP case_040 (putusan_570_pid.b_2024_pn_mdn_20260609193209.pdf) | chars=0 | q=0.0
2026-06-09 19:56:39,275 | ERROR | Gagal ekstrak PDF putusan_586_pid.b_2024_pn_mdn_20260609193256.pdf: No module named 'pdfminer'
2026-06-09 19:56:39,284 | WARNING | SKIP case_041 (putusan_586_pid.b_2024_pn_mdn_20260609193256.pdf) | chars=0 | q=0.0
2026-06-09 19:56:39,293 | ERROR | Gagal ekstrak PDF putusan_587_pid.b_2024_pn_mdn_20260609192804.pdf: No module named 'pdfminer'
2026-06-09 19:56:39,295 | WARNING | SKIP case_042 (putusan_587_pid.b_2024_pn_mdn_20260609192804.pdf) | chars=0 | q=0.0
2026-06-09 19:56:39,297 | ERROR | Gagal ekstrak PDF putusan_599_pid.b_2024_pn_mdn_20260609193134.pdf: No module named 'pdfminer'
2026-06-09 19:56:39,298 | WARNING | SKIP case_043 (putusan_599_pid.b_2024_pn_mdn_20260609193134.pdf) | chars=0 | q=0.0
2026-06-09 19:56:39,301 | ERROR | Gagal ekstrak PDF putusan_612_pid.b_2024_pn_mdn_20260609193058.pdf: No module named 'pdfminer'
2026-06-09 19:56:39,302 | WARNING | SKIP case_044 (putusan_612_pid.b_2024_pn_mdn_20260609193058.pdf) | chars=0 | q=0.0
2026-06-09 19:56:39,310 | ERROR | Gagal ekstrak PDF putusan_621_pid.b_2024_pn_mdn_20260609192708.pdf: No module named 'pdfminer'
2026-06-09 19:56:39,311 | WARNING | SKIP case_045 (putusan_621_pid.b_2024_pn_mdn_20260609192708.pdf) | chars=0 | q=0.0
2026-06-09 19:56:39,312 | ERROR | Gagal ekstrak PDF putusan_773_pid.b_2024_pn_mdn_20260609192558.pdf: No module named 'pdfminer'
2026-06-09 19:56:39,313 | WARNING | SKIP case_046 (putusan_773_pid.b_2024_pn_mdn_20260609192558.pdf) | chars=0 | q=0.0
2026-06-09 19:56:39,314 | ERROR | Gagal ekstrak PDF putusan_820_pid.b_2024_pn_mdn_20260609192443.pdf: No module named 'pdfminer'
2026-06-09 19:56:39,314 | WARNING | SKIP case_047 (putusan_820_pid.b_2024_pn_mdn_20260609192443.pdf) | chars=0 | q=0.0
2026-06-09 19:56:39,315 | ERROR | Gagal ekstrak PDF putusan_880_pid.b_2024_pn_mdn_20260609192239.pdf: No module named 'pdfminer'
2026-06-09 19:56:39,316 | WARNING | SKIP case_048 (putusan_880_pid.b_2024_pn_mdn_20260609192239.pdf) | chars=0 | q=0.0
2026-06-09 19:56:39,318 | ERROR | Gagal ekstrak PDF putusan_932_pid.b_2024_pn_mdn_20260609192327.pdf: No module named 'pdfminer'
2026-06-09 19:56:39,318 | WARNING | SKIP case_049 (putusan_932_pid.b_2024_pn_mdn_20260609192327.pdf) | chars=0 | q=0.0
2026-06-09 19:56:39,327 | ERROR | Gagal ekstrak PDF putusan_979_pid.b_2024_pn_mdn_20260609192538.pdf: No module named 'pdfminer'
2026-06-09 19:56:39,328 | WARNING | SKIP case_050 (putusan_979_pid.b_2024_pn_mdn_20260609192538.pdf) | chars=0 | q=0.0
2026-06-09 19:58:39,480 | INFO | OK   case_001 | 4907 kata | q=1.0
2026-06-09 19:58:41,166 | INFO | OK   case_002 | 9220 kata | q=1.0
2026-06-09 19:58:42,514 | INFO | OK   case_003 | 6402 kata | q=1.0
2026-06-09 19:58:44,180 | INFO | OK   case_004 | 6769 kata | q=1.0
2026-06-09 19:58:45,060 | INFO | OK   case_005 | 4062 kata | q=1.0
2026-06-09 19:58:45,730 | INFO | OK   case_006 | 3494 kata | q=1.0
2026-06-09 19:58:47,016 | INFO | OK   case_007 | 7072 kata | q=1.0
2026-06-09 19:58:48,477 | INFO | OK   case_008 | 7199 kata | q=1.0
2026-06-09 19:58:49,993 | INFO | OK   case_009 | 7090 kata | q=1.0
2026-06-09 19:58:50,786 | INFO | OK   case_010 | 3748 kata | q=1.0
2026-06-09 19:58:54,513 | INFO | OK   case_011 | 19324 kata | q=1.0
2026-06-09 19:58:58,239 | INFO | OK   case_012 | 18316 kata | q=1.0
2026-06-09 19:59:00,329 | INFO | OK   case_013 | 7603 kata | q=1.0
2026-06-09 19:59:01,399 | INFO | OK   case_014 | 4753 kata | q=1.0
2026-06-09 19:59:02,490 | INFO | OK   case_015 | 5445 kata | q=1.0
2026-06-09 19:59:03,451 | INFO | OK   case_016 | 4226 kata | q=1.0
2026-06-09 19:59:05,674 | INFO | OK   case_017 | 11539 kata | q=1.0
2026-06-09 19:59:06,654 | INFO | OK   case_018 | 4422 kata | q=1.0
2026-06-09 19:59:07,531 | INFO | OK   case_019 | 4402 kata | q=1.0
2026-06-09 19:59:08,544 | INFO | OK   case_020 | 4961 kata | q=1.0
2026-06-09 19:59:09,628 | INFO | OK   case_021 | 4962 kata | q=1.0
2026-06-09 19:59:10,524 | INFO | OK   case_022 | 4044 kata | q=1.0
2026-06-09 19:59:11,629 | INFO | OK   case_023 | 5545 kata | q=1.0
2026-06-09 19:59:12,433 | INFO | OK   case_024 | 3880 kata | q=1.0
2026-06-09 19:59:13,183 | INFO | OK   case_025 | 3320 kata | q=1.0
2026-06-09 19:59:14,273 | INFO | OK   case_026 | 5757 kata | q=1.0
2026-06-09 19:59:15,113 | INFO | OK   case_027 | 3987 kata | q=1.0
2026-06-09 19:59:16,500 | INFO | OK   case_028 | 5795 kata | q=1.0
2026-06-09 19:59:17,254 | INFO | OK   case_029 | 3749 kata | q=1.0
2026-06-09 19:59:18,553 | INFO | OK   case_030 | 5619 kata | q=1.0
2026-06-09 19:59:19,262 | INFO | OK   case_031 | 3677 kata | q=1.0
2026-06-09 19:59:20,331 | INFO | OK   case_032 | 5221 kata | q=1.0
2026-06-09 19:59:21,033 | INFO | OK   case_033 | 3488 kata | q=1.0
2026-06-09 19:59:21,849 | INFO | OK   case_034 | 3632 kata | q=1.0
2026-06-09 19:59:23,691 | INFO | OK   case_035 | 8657 kata | q=1.0
2026-06-09 19:59:25,515 | INFO | OK   case_036 | 9018 kata | q=1.0
2026-06-09 19:59:26,464 | INFO | OK   case_037 | 4364 kata | q=1.0
2026-06-09 19:59:27,433 | INFO | OK   case_038 | 5064 kata | q=1.0
2026-06-09 19:59:28,944 | INFO | OK   case_039 | 5483 kata | q=1.0
2026-06-09 19:59:30,278 | INFO | OK   case_040 | 7203 kata | q=1.0
2026-06-09 19:59:31,062 | INFO | OK   case_041 | 3722 kata | q=1.0
2026-06-09 19:59:31,918 | INFO | OK   case_042 | 3747 kata | q=1.0
2026-06-09 19:59:33,433 | INFO | OK   case_043 | 7509 kata | q=1.0
2026-06-09 19:59:34,261 | INFO | OK   case_044 | 4396 kata | q=1.0
2026-06-09 19:59:35,144 | INFO | OK   case_045 | 4122 kata | q=1.0
2026-06-09 19:59:36,312 | INFO | OK   case_046 | 4959 kata | q=1.0
2026-06-09 19:59:37,866 | INFO | OK   case_047 | 7794 kata | q=1.0
2026-06-09 19:59:39,347 | INFO | OK   case_048 | 7724 kata | q=1.0
2026-06-09 19:59:40,230 | INFO | OK   case_049 | 3909 kata | q=1.0
2026-06-09 19:59:41,027 | INFO | OK   case_050 | 4002 kata | q=1.0
2026-06-09 23:28:10,937 | ERROR | Gagal ekstrak PDF putusan_1006_pid.b_2024_pn_mdn_20260609192006.pdf: No module named 'pdfminer'
2026-06-09 23:28:10,939 | WARNING | SKIP case_001 (putusan_1006_pid.b_2024_pn_mdn_20260609192006.pdf) | chars=0 | q=0.0
2026-06-09 23:28:10,940 | ERROR | Gagal ekstrak PDF putusan_1055_pid.b_2024_pn_mdn_20260609191737.pdf: No module named 'pdfminer'
2026-06-09 23:28:10,941 | WARNING | SKIP case_002 (putusan_1055_pid.b_2024_pn_mdn_20260609191737.pdf) | chars=0 | q=0.0
2026-06-09 23:28:10,942 | ERROR | Gagal ekstrak PDF putusan_1063_pid.b_2024_pn_mdn_20260609192042.pdf: No module named 'pdfminer'
2026-06-09 23:28:10,942 | WARNING | SKIP case_003 (putusan_1063_pid.b_2024_pn_mdn_20260609192042.pdf) | chars=0 | q=0.0
2026-06-09 23:28:10,943 | ERROR | Gagal ekstrak PDF putusan_1080_pid.b_2024_pn_mdn_20260609192153.pdf: No module named 'pdfminer'
2026-06-09 23:28:10,944 | WARNING | SKIP case_004 (putusan_1080_pid.b_2024_pn_mdn_20260609192153.pdf) | chars=0 | q=0.0
2026-06-09 23:28:10,945 | ERROR | Gagal ekstrak PDF putusan_1101_pid.b_2024_pn_mdn_20260609191930.pdf: No module named 'pdfminer'
2026-06-09 23:28:10,946 | WARNING | SKIP case_005 (putusan_1101_pid.b_2024_pn_mdn_20260609191930.pdf) | chars=0 | q=0.0
2026-06-09 23:28:10,948 | ERROR | Gagal ekstrak PDF putusan_1102_pid.b_2024_pn_mdn_20260609192343.pdf: No module named 'pdfminer'
2026-06-09 23:28:10,949 | WARNING | SKIP case_006 (putusan_1102_pid.b_2024_pn_mdn_20260609192343.pdf) | chars=0 | q=0.0
2026-06-09 23:28:10,950 | ERROR | Gagal ekstrak PDF putusan_1114_pid.b_2024_pn_mdn_20260609191354.pdf: No module named 'pdfminer'
2026-06-09 23:28:10,951 | WARNING | SKIP case_007 (putusan_1114_pid.b_2024_pn_mdn_20260609191354.pdf) | chars=0 | q=0.0
2026-06-09 23:28:10,951 | ERROR | Gagal ekstrak PDF putusan_1115_pid.b_2024_pn_mdn_20260609191333.pdf: No module named 'pdfminer'
2026-06-09 23:28:10,953 | WARNING | SKIP case_008 (putusan_1115_pid.b_2024_pn_mdn_20260609191333.pdf) | chars=0 | q=0.0
2026-06-09 23:28:10,954 | ERROR | Gagal ekstrak PDF putusan_1116_pid.b_2024_pn_mdn_20260609191435.pdf: No module named 'pdfminer'
2026-06-09 23:28:10,954 | WARNING | SKIP case_009 (putusan_1116_pid.b_2024_pn_mdn_20260609191435.pdf) | chars=0 | q=0.0
2026-06-09 23:28:10,955 | ERROR | Gagal ekstrak PDF putusan_1124_pid.b_2024_pn_mdn_20260609192409.pdf: No module named 'pdfminer'
2026-06-09 23:28:10,956 | WARNING | SKIP case_010 (putusan_1124_pid.b_2024_pn_mdn_20260609192409.pdf) | chars=0 | q=0.0
2026-06-09 23:28:10,957 | ERROR | Gagal ekstrak PDF putusan_1125_pid.b_2025_pn_mdn_20260609232711.pdf: No module named 'pdfminer'
2026-06-09 23:28:10,958 | WARNING | SKIP case_011 (putusan_1125_pid.b_2025_pn_mdn_20260609232711.pdf) | chars=0 | q=0.0
2026-06-09 23:28:10,959 | ERROR | Gagal ekstrak PDF putusan_1227_pid.b_2024_pn_mdn_20260609191523.pdf: No module named 'pdfminer'
2026-06-09 23:28:10,960 | WARNING | SKIP case_012 (putusan_1227_pid.b_2024_pn_mdn_20260609191523.pdf) | chars=0 | q=0.0
2026-06-09 23:28:10,961 | ERROR | Gagal ekstrak PDF putusan_1243_pid.b_2025_pn_mdn_20260609232611.pdf: No module named 'pdfminer'
2026-06-09 23:28:10,962 | WARNING | SKIP case_013 (putusan_1243_pid.b_2025_pn_mdn_20260609232611.pdf) | chars=0 | q=0.0
2026-06-09 23:28:10,962 | ERROR | Gagal ekstrak PDF putusan_1245_pid.b_2025_pn_mdn_20260609232559.pdf: No module named 'pdfminer'
2026-06-09 23:28:10,963 | WARNING | SKIP case_014 (putusan_1245_pid.b_2025_pn_mdn_20260609232559.pdf) | chars=0 | q=0.0
2026-06-09 23:28:10,964 | ERROR | Gagal ekstrak PDF putusan_1263_pid.b_2024_pn_mdn_20260609191655.pdf: No module named 'pdfminer'
2026-06-09 23:28:10,964 | WARNING | SKIP case_015 (putusan_1263_pid.b_2024_pn_mdn_20260609191655.pdf) | chars=0 | q=0.0
2026-06-09 23:28:10,965 | ERROR | Gagal ekstrak PDF putusan_1267_pid.b_2025_pn_mdn_20260609232400.pdf: No module named 'pdfminer'
2026-06-09 23:28:10,966 | WARNING | SKIP case_016 (putusan_1267_pid.b_2025_pn_mdn_20260609232400.pdf) | chars=0 | q=0.0
2026-06-09 23:28:10,967 | ERROR | Gagal ekstrak PDF putusan_1276_pid.b_2024_pn_mdn_20260609191819.pdf: No module named 'pdfminer'
2026-06-09 23:28:10,967 | WARNING | SKIP case_017 (putusan_1276_pid.b_2024_pn_mdn_20260609191819.pdf) | chars=0 | q=0.0
2026-06-09 23:28:10,968 | ERROR | Gagal ekstrak PDF putusan_1294_pid.b_2025_pn_mdn_20260609232411.pdf: No module named 'pdfminer'
2026-06-09 23:28:10,969 | WARNING | SKIP case_018 (putusan_1294_pid.b_2025_pn_mdn_20260609232411.pdf) | chars=0 | q=0.0
2026-06-09 23:28:10,969 | ERROR | Gagal ekstrak PDF putusan_1295_pid.b_2024_pn_mdn_20260609191033.pdf: No module named 'pdfminer'
2026-06-09 23:28:10,970 | WARNING | SKIP case_019 (putusan_1295_pid.b_2024_pn_mdn_20260609191033.pdf) | chars=0 | q=0.0
2026-06-09 23:28:10,971 | ERROR | Gagal ekstrak PDF putusan_1333_pid.b_2024_pn_mdn_20260609191633.pdf: No module named 'pdfminer'
2026-06-09 23:28:10,971 | WARNING | SKIP case_020 (putusan_1333_pid.b_2024_pn_mdn_20260609191633.pdf) | chars=0 | q=0.0
2026-06-09 23:28:10,972 | ERROR | Gagal ekstrak PDF putusan_1355_pid.b_2024_pn_mdn_20260609191257.pdf: No module named 'pdfminer'
2026-06-09 23:28:10,973 | WARNING | SKIP case_021 (putusan_1355_pid.b_2024_pn_mdn_20260609191257.pdf) | chars=0 | q=0.0
2026-06-09 23:28:10,974 | ERROR | Gagal ekstrak PDF putusan_1421_pid.b_2025_pn_mdn_20260609232242.pdf: No module named 'pdfminer'
2026-06-09 23:28:10,975 | WARNING | SKIP case_022 (putusan_1421_pid.b_2025_pn_mdn_20260609232242.pdf) | chars=0 | q=0.0
2026-06-09 23:28:10,976 | ERROR | Gagal ekstrak PDF putusan_143_pid.b_2026_pn_mdn_20260523232034.pdf: No module named 'pdfminer'
2026-06-09 23:28:10,977 | WARNING | SKIP case_023 (putusan_143_pid.b_2026_pn_mdn_20260523232034.pdf) | chars=0 | q=0.0
2026-06-09 23:28:10,978 | ERROR | Gagal ekstrak PDF putusan_1498_pid.b_2025_pn_mdn_20260609232420.pdf: No module named 'pdfminer'
2026-06-09 23:28:10,979 | WARNING | SKIP case_024 (putusan_1498_pid.b_2025_pn_mdn_20260609232420.pdf) | chars=0 | q=0.0
2026-06-09 23:28:10,981 | ERROR | Gagal ekstrak PDF putusan_1498_pid.b_2025_pn_mdn_20260609232435.pdf: No module named 'pdfminer'
2026-06-09 23:28:10,982 | WARNING | SKIP case_025 (putusan_1498_pid.b_2025_pn_mdn_20260609232435.pdf) | chars=0 | q=0.0
2026-06-09 23:28:10,983 | ERROR | Gagal ekstrak PDF putusan_1499_pid.b_2024_pn_mdn_20260609191104.pdf: No module named 'pdfminer'
2026-06-09 23:28:10,984 | WARNING | SKIP case_026 (putusan_1499_pid.b_2024_pn_mdn_20260609191104.pdf) | chars=0 | q=0.0
2026-06-09 23:28:10,985 | ERROR | Gagal ekstrak PDF putusan_1506_pid.b_2025_pn_mdn_20260609232344.pdf: No module named 'pdfminer'
2026-06-09 23:28:10,986 | WARNING | SKIP case_027 (putusan_1506_pid.b_2025_pn_mdn_20260609232344.pdf) | chars=0 | q=0.0
2026-06-09 23:28:10,988 | ERROR | Gagal ekstrak PDF putusan_1522_pid.b_2024_pn_mdn_20260609190933.pdf: No module named 'pdfminer'
2026-06-09 23:28:10,989 | WARNING | SKIP case_028 (putusan_1522_pid.b_2024_pn_mdn_20260609190933.pdf) | chars=0 | q=0.0
2026-06-09 23:28:10,990 | ERROR | Gagal ekstrak PDF putusan_1535_pid.b_2024_pn_mdn_20260609191053.pdf: No module named 'pdfminer'
2026-06-09 23:28:10,991 | WARNING | SKIP case_029 (putusan_1535_pid.b_2024_pn_mdn_20260609191053.pdf) | chars=0 | q=0.0
2026-06-09 23:28:10,992 | ERROR | Gagal ekstrak PDF putusan_1551_pid.b_2024_pn_mdn_20260609190819.pdf: No module named 'pdfminer'
2026-06-09 23:28:10,992 | WARNING | SKIP case_030 (putusan_1551_pid.b_2024_pn_mdn_20260609190819.pdf) | chars=0 | q=0.0
2026-06-09 23:28:10,994 | ERROR | Gagal ekstrak PDF putusan_1693_pid.b_2024_pn_mdn_20260609190720.pdf: No module named 'pdfminer'
2026-06-09 23:28:10,994 | WARNING | SKIP case_031 (putusan_1693_pid.b_2024_pn_mdn_20260609190720.pdf) | chars=0 | q=0.0
2026-06-09 23:28:10,995 | ERROR | Gagal ekstrak PDF putusan_1710_pid.b_2024_pn_mdn_20260609190758.pdf: No module named 'pdfminer'
2026-06-09 23:28:10,996 | WARNING | SKIP case_032 (putusan_1710_pid.b_2024_pn_mdn_20260609190758.pdf) | chars=0 | q=0.0
2026-06-09 23:28:10,997 | ERROR | Gagal ekstrak PDF putusan_1730_pid.b_2024_pn_mdn_20260609190741.pdf: No module named 'pdfminer'
2026-06-09 23:28:10,997 | WARNING | SKIP case_033 (putusan_1730_pid.b_2024_pn_mdn_20260609190741.pdf) | chars=0 | q=0.0
2026-06-09 23:28:10,998 | ERROR | Gagal ekstrak PDF putusan_1740_pid.b_2025_pn_mdn_20260609230621.pdf: No module named 'pdfminer'
2026-06-09 23:28:10,999 | WARNING | SKIP case_034 (putusan_1740_pid.b_2025_pn_mdn_20260609230621.pdf) | chars=0 | q=0.0
2026-06-09 23:28:10,999 | ERROR | Gagal ekstrak PDF putusan_1782_pid.b_2024_pn_mdn_20260609190833.pdf: No module named 'pdfminer'
2026-06-09 23:28:11,000 | WARNING | SKIP case_035 (putusan_1782_pid.b_2024_pn_mdn_20260609190833.pdf) | chars=0 | q=0.0
2026-06-09 23:28:11,001 | ERROR | Gagal ekstrak PDF putusan_1792_pid.b_2025_pn_mdn_20260609230532.pdf: No module named 'pdfminer'
2026-06-09 23:28:11,002 | WARNING | SKIP case_036 (putusan_1792_pid.b_2025_pn_mdn_20260609230532.pdf) | chars=0 | q=0.0
2026-06-09 23:28:11,003 | ERROR | Gagal ekstrak PDF putusan_1806_pid.b_2025_pn_mdn_20260609232329.pdf: No module named 'pdfminer'
2026-06-09 23:28:11,004 | WARNING | SKIP case_037 (putusan_1806_pid.b_2025_pn_mdn_20260609232329.pdf) | chars=0 | q=0.0
2026-06-09 23:28:11,006 | ERROR | Gagal ekstrak PDF putusan_180_pid.b_2026_pn_mdn_20260606095122.pdf: No module named 'pdfminer'
2026-06-09 23:28:11,006 | WARNING | SKIP case_038 (putusan_180_pid.b_2026_pn_mdn_20260606095122.pdf) | chars=0 | q=0.0
2026-06-09 23:28:11,007 | ERROR | Gagal ekstrak PDF putusan_1846_pid.b_2024_pn_mdn_20260609190849.pdf: No module named 'pdfminer'
2026-06-09 23:28:11,008 | WARNING | SKIP case_039 (putusan_1846_pid.b_2024_pn_mdn_20260609190849.pdf) | chars=0 | q=0.0
2026-06-09 23:28:11,009 | ERROR | Gagal ekstrak PDF putusan_1904_pid.b_2024_pn_mdn_20260609190642.pdf: No module named 'pdfminer'
2026-06-09 23:28:11,010 | WARNING | SKIP case_040 (putusan_1904_pid.b_2024_pn_mdn_20260609190642.pdf) | chars=0 | q=0.0
2026-06-09 23:28:11,011 | ERROR | Gagal ekstrak PDF putusan_2050_pid.b_2025_pn_mdn_20260609232209.pdf: No module named 'pdfminer'
2026-06-09 23:28:11,011 | WARNING | SKIP case_041 (putusan_2050_pid.b_2025_pn_mdn_20260609232209.pdf) | chars=0 | q=0.0
2026-06-09 23:28:11,012 | ERROR | Gagal ekstrak PDF putusan_2057_pid.b_2025_pn_mdn_20260609232216.pdf: No module named 'pdfminer'
2026-06-09 23:28:11,013 | WARNING | SKIP case_042 (putusan_2057_pid.b_2025_pn_mdn_20260609232216.pdf) | chars=0 | q=0.0
2026-06-09 23:28:11,014 | ERROR | Gagal ekstrak PDF putusan_2065_pid.b_2024_pn_mdn_20260609190559.pdf: No module named 'pdfminer'
2026-06-09 23:28:11,015 | WARNING | SKIP case_043 (putusan_2065_pid.b_2024_pn_mdn_20260609190559.pdf) | chars=0 | q=0.0
2026-06-09 23:28:11,016 | ERROR | Gagal ekstrak PDF putusan_2101_pid.b_2025_pn_mdn_20260609232201.pdf: No module named 'pdfminer'
2026-06-09 23:28:11,017 | WARNING | SKIP case_044 (putusan_2101_pid.b_2025_pn_mdn_20260609232201.pdf) | chars=0 | q=0.0
2026-06-09 23:28:11,018 | ERROR | Gagal ekstrak PDF putusan_386_pid.b_2026_pn_mdn_20260519110142.pdf: No module named 'pdfminer'
2026-06-09 23:28:11,019 | WARNING | SKIP case_045 (putusan_386_pid.b_2026_pn_mdn_20260519110142.pdf) | chars=0 | q=0.0
2026-06-09 23:28:11,020 | ERROR | Gagal ekstrak PDF putusan_444_pid.b_2026_pn_mdn_20260609230507.pdf: No module named 'pdfminer'
2026-06-09 23:28:11,020 | WARNING | SKIP case_046 (putusan_444_pid.b_2026_pn_mdn_20260609230507.pdf) | chars=0 | q=0.0
2026-06-09 23:28:11,021 | ERROR | Gagal ekstrak PDF putusan_446_pid.b_2024_pn_mdn_20260609193020.pdf: No module named 'pdfminer'
2026-06-09 23:28:11,022 | WARNING | SKIP case_047 (putusan_446_pid.b_2024_pn_mdn_20260609193020.pdf) | chars=0 | q=0.0
2026-06-09 23:28:11,023 | ERROR | Gagal ekstrak PDF putusan_447_pid.b_2024_pn_mdn_20260609192846.pdf: No module named 'pdfminer'
2026-06-09 23:28:11,024 | WARNING | SKIP case_048 (putusan_447_pid.b_2024_pn_mdn_20260609192846.pdf) | chars=0 | q=0.0
2026-06-09 23:28:11,024 | ERROR | Gagal ekstrak PDF putusan_532_pid.b_2024_pn_mdn_20260609192741.pdf: No module named 'pdfminer'
2026-06-09 23:28:11,025 | WARNING | SKIP case_049 (putusan_532_pid.b_2024_pn_mdn_20260609192741.pdf) | chars=0 | q=0.0
2026-06-09 23:28:11,026 | ERROR | Gagal ekstrak PDF putusan_534_pid.b_2024_pn_mdn_20260609192945.pdf: No module named 'pdfminer'
2026-06-09 23:28:11,026 | WARNING | SKIP case_050 (putusan_534_pid.b_2024_pn_mdn_20260609192945.pdf) | chars=0 | q=0.0
2026-06-09 23:28:11,027 | ERROR | Gagal ekstrak PDF putusan_570_pid.b_2024_pn_mdn_20260609193209.pdf: No module named 'pdfminer'
2026-06-09 23:28:11,027 | WARNING | SKIP case_051 (putusan_570_pid.b_2024_pn_mdn_20260609193209.pdf) | chars=0 | q=0.0
2026-06-09 23:28:11,029 | ERROR | Gagal ekstrak PDF putusan_586_pid.b_2024_pn_mdn_20260609193256.pdf: No module named 'pdfminer'
2026-06-09 23:28:11,029 | WARNING | SKIP case_052 (putusan_586_pid.b_2024_pn_mdn_20260609193256.pdf) | chars=0 | q=0.0
2026-06-09 23:28:11,030 | ERROR | Gagal ekstrak PDF putusan_587_pid.b_2024_pn_mdn_20260609192804.pdf: No module named 'pdfminer'
2026-06-09 23:28:11,031 | WARNING | SKIP case_053 (putusan_587_pid.b_2024_pn_mdn_20260609192804.pdf) | chars=0 | q=0.0
2026-06-09 23:28:11,032 | ERROR | Gagal ekstrak PDF putusan_599_pid.b_2024_pn_mdn_20260609193134.pdf: No module named 'pdfminer'
2026-06-09 23:28:11,032 | WARNING | SKIP case_054 (putusan_599_pid.b_2024_pn_mdn_20260609193134.pdf) | chars=0 | q=0.0
2026-06-09 23:28:11,033 | ERROR | Gagal ekstrak PDF putusan_612_pid.b_2024_pn_mdn_20260609193058.pdf: No module named 'pdfminer'
2026-06-09 23:28:11,034 | WARNING | SKIP case_055 (putusan_612_pid.b_2024_pn_mdn_20260609193058.pdf) | chars=0 | q=0.0
2026-06-09 23:28:11,035 | ERROR | Gagal ekstrak PDF putusan_621_pid.b_2024_pn_mdn_20260609192708.pdf: No module named 'pdfminer'
2026-06-09 23:28:11,035 | WARNING | SKIP case_056 (putusan_621_pid.b_2024_pn_mdn_20260609192708.pdf) | chars=0 | q=0.0
2026-06-09 23:28:11,036 | ERROR | Gagal ekstrak PDF putusan_820_pid.b_2024_pn_mdn_20260609192443.pdf: No module named 'pdfminer'
2026-06-09 23:28:11,037 | WARNING | SKIP case_057 (putusan_820_pid.b_2024_pn_mdn_20260609192443.pdf) | chars=0 | q=0.0
2026-06-09 23:28:11,039 | ERROR | Gagal ekstrak PDF putusan_880_pid.b_2024_pn_mdn_20260609192239.pdf: No module named 'pdfminer'
2026-06-09 23:28:11,039 | WARNING | SKIP case_058 (putusan_880_pid.b_2024_pn_mdn_20260609192239.pdf) | chars=0 | q=0.0
2026-06-09 23:28:11,040 | ERROR | Gagal ekstrak PDF putusan_932_pid.b_2024_pn_mdn_20260609192327.pdf: No module named 'pdfminer'
2026-06-09 23:28:11,040 | WARNING | SKIP case_059 (putusan_932_pid.b_2024_pn_mdn_20260609192327.pdf) | chars=0 | q=0.0
2026-06-09 23:28:11,041 | ERROR | Gagal ekstrak PDF putusan_979_pid.b_2024_pn_mdn_20260609192538.pdf: No module named 'pdfminer'
2026-06-09 23:28:11,042 | WARNING | SKIP case_060 (putusan_979_pid.b_2024_pn_mdn_20260609192538.pdf) | chars=0 | q=0.0
2026-06-09 23:28:58,952 | ERROR | Gagal ekstrak PDF putusan_1006_pid.b_2024_pn_mdn_20260609192006.pdf: No module named 'pdfminer'
2026-06-09 23:28:58,953 | WARNING | SKIP case_001 (putusan_1006_pid.b_2024_pn_mdn_20260609192006.pdf) | chars=0 | q=0.0
2026-06-09 23:28:58,954 | ERROR | Gagal ekstrak PDF putusan_1055_pid.b_2024_pn_mdn_20260609191737.pdf: No module named 'pdfminer'
2026-06-09 23:28:58,955 | WARNING | SKIP case_002 (putusan_1055_pid.b_2024_pn_mdn_20260609191737.pdf) | chars=0 | q=0.0
2026-06-09 23:28:58,955 | ERROR | Gagal ekstrak PDF putusan_1063_pid.b_2024_pn_mdn_20260609192042.pdf: No module named 'pdfminer'
2026-06-09 23:28:58,956 | WARNING | SKIP case_003 (putusan_1063_pid.b_2024_pn_mdn_20260609192042.pdf) | chars=0 | q=0.0
2026-06-09 23:28:58,957 | ERROR | Gagal ekstrak PDF putusan_1080_pid.b_2024_pn_mdn_20260609192153.pdf: No module named 'pdfminer'
2026-06-09 23:28:58,957 | WARNING | SKIP case_004 (putusan_1080_pid.b_2024_pn_mdn_20260609192153.pdf) | chars=0 | q=0.0
2026-06-09 23:28:58,958 | ERROR | Gagal ekstrak PDF putusan_1101_pid.b_2024_pn_mdn_20260609191930.pdf: No module named 'pdfminer'
2026-06-09 23:28:58,959 | WARNING | SKIP case_005 (putusan_1101_pid.b_2024_pn_mdn_20260609191930.pdf) | chars=0 | q=0.0
2026-06-09 23:28:58,960 | ERROR | Gagal ekstrak PDF putusan_1102_pid.b_2024_pn_mdn_20260609192343.pdf: No module named 'pdfminer'
2026-06-09 23:28:58,960 | WARNING | SKIP case_006 (putusan_1102_pid.b_2024_pn_mdn_20260609192343.pdf) | chars=0 | q=0.0
2026-06-09 23:28:58,961 | ERROR | Gagal ekstrak PDF putusan_1114_pid.b_2024_pn_mdn_20260609191354.pdf: No module named 'pdfminer'
2026-06-09 23:28:58,961 | WARNING | SKIP case_007 (putusan_1114_pid.b_2024_pn_mdn_20260609191354.pdf) | chars=0 | q=0.0
2026-06-09 23:28:58,962 | ERROR | Gagal ekstrak PDF putusan_1115_pid.b_2024_pn_mdn_20260609191333.pdf: No module named 'pdfminer'
2026-06-09 23:28:58,963 | WARNING | SKIP case_008 (putusan_1115_pid.b_2024_pn_mdn_20260609191333.pdf) | chars=0 | q=0.0
2026-06-09 23:28:58,964 | ERROR | Gagal ekstrak PDF putusan_1116_pid.b_2024_pn_mdn_20260609191435.pdf: No module named 'pdfminer'
2026-06-09 23:28:58,965 | WARNING | SKIP case_009 (putusan_1116_pid.b_2024_pn_mdn_20260609191435.pdf) | chars=0 | q=0.0
2026-06-09 23:28:58,967 | ERROR | Gagal ekstrak PDF putusan_1124_pid.b_2024_pn_mdn_20260609192409.pdf: No module named 'pdfminer'
2026-06-09 23:28:58,968 | WARNING | SKIP case_010 (putusan_1124_pid.b_2024_pn_mdn_20260609192409.pdf) | chars=0 | q=0.0
2026-06-09 23:28:58,969 | ERROR | Gagal ekstrak PDF putusan_1125_pid.b_2025_pn_mdn_20260609232711.pdf: No module named 'pdfminer'
2026-06-09 23:28:58,970 | WARNING | SKIP case_011 (putusan_1125_pid.b_2025_pn_mdn_20260609232711.pdf) | chars=0 | q=0.0
2026-06-09 23:28:58,971 | ERROR | Gagal ekstrak PDF putusan_1227_pid.b_2024_pn_mdn_20260609191523.pdf: No module named 'pdfminer'
2026-06-09 23:28:58,972 | WARNING | SKIP case_012 (putusan_1227_pid.b_2024_pn_mdn_20260609191523.pdf) | chars=0 | q=0.0
2026-06-09 23:28:58,972 | ERROR | Gagal ekstrak PDF putusan_1243_pid.b_2025_pn_mdn_20260609232611.pdf: No module named 'pdfminer'
2026-06-09 23:28:58,973 | WARNING | SKIP case_013 (putusan_1243_pid.b_2025_pn_mdn_20260609232611.pdf) | chars=0 | q=0.0
2026-06-09 23:28:58,974 | ERROR | Gagal ekstrak PDF putusan_1245_pid.b_2025_pn_mdn_20260609232559.pdf: No module named 'pdfminer'
2026-06-09 23:28:58,975 | WARNING | SKIP case_014 (putusan_1245_pid.b_2025_pn_mdn_20260609232559.pdf) | chars=0 | q=0.0
2026-06-09 23:28:58,976 | ERROR | Gagal ekstrak PDF putusan_1263_pid.b_2024_pn_mdn_20260609191655.pdf: No module named 'pdfminer'
2026-06-09 23:28:58,976 | WARNING | SKIP case_015 (putusan_1263_pid.b_2024_pn_mdn_20260609191655.pdf) | chars=0 | q=0.0
2026-06-09 23:28:58,977 | ERROR | Gagal ekstrak PDF putusan_1267_pid.b_2025_pn_mdn_20260609232400.pdf: No module named 'pdfminer'
2026-06-09 23:28:58,978 | WARNING | SKIP case_016 (putusan_1267_pid.b_2025_pn_mdn_20260609232400.pdf) | chars=0 | q=0.0
2026-06-09 23:28:58,979 | ERROR | Gagal ekstrak PDF putusan_1276_pid.b_2024_pn_mdn_20260609191819.pdf: No module named 'pdfminer'
2026-06-09 23:28:58,981 | WARNING | SKIP case_017 (putusan_1276_pid.b_2024_pn_mdn_20260609191819.pdf) | chars=0 | q=0.0
2026-06-09 23:28:58,983 | ERROR | Gagal ekstrak PDF putusan_1294_pid.b_2025_pn_mdn_20260609232411.pdf: No module named 'pdfminer'
2026-06-09 23:28:58,984 | WARNING | SKIP case_018 (putusan_1294_pid.b_2025_pn_mdn_20260609232411.pdf) | chars=0 | q=0.0
2026-06-09 23:28:58,985 | ERROR | Gagal ekstrak PDF putusan_1295_pid.b_2024_pn_mdn_20260609191033.pdf: No module named 'pdfminer'
2026-06-09 23:28:58,985 | WARNING | SKIP case_019 (putusan_1295_pid.b_2024_pn_mdn_20260609191033.pdf) | chars=0 | q=0.0
2026-06-09 23:28:58,986 | ERROR | Gagal ekstrak PDF putusan_1333_pid.b_2024_pn_mdn_20260609191633.pdf: No module named 'pdfminer'
2026-06-09 23:28:58,987 | WARNING | SKIP case_020 (putusan_1333_pid.b_2024_pn_mdn_20260609191633.pdf) | chars=0 | q=0.0
2026-06-09 23:28:58,988 | ERROR | Gagal ekstrak PDF putusan_1355_pid.b_2024_pn_mdn_20260609191257.pdf: No module named 'pdfminer'
2026-06-09 23:28:58,989 | WARNING | SKIP case_021 (putusan_1355_pid.b_2024_pn_mdn_20260609191257.pdf) | chars=0 | q=0.0
2026-06-09 23:28:58,990 | ERROR | Gagal ekstrak PDF putusan_1421_pid.b_2025_pn_mdn_20260609232242.pdf: No module named 'pdfminer'
2026-06-09 23:28:58,991 | WARNING | SKIP case_022 (putusan_1421_pid.b_2025_pn_mdn_20260609232242.pdf) | chars=0 | q=0.0
2026-06-09 23:28:58,992 | ERROR | Gagal ekstrak PDF putusan_143_pid.b_2026_pn_mdn_20260523232034.pdf: No module named 'pdfminer'
2026-06-09 23:28:58,993 | WARNING | SKIP case_023 (putusan_143_pid.b_2026_pn_mdn_20260523232034.pdf) | chars=0 | q=0.0
2026-06-09 23:28:58,994 | ERROR | Gagal ekstrak PDF putusan_1498_pid.b_2025_pn_mdn_20260609232420.pdf: No module named 'pdfminer'
2026-06-09 23:28:58,994 | WARNING | SKIP case_024 (putusan_1498_pid.b_2025_pn_mdn_20260609232420.pdf) | chars=0 | q=0.0
2026-06-09 23:28:58,996 | ERROR | Gagal ekstrak PDF putusan_1498_pid.b_2025_pn_mdn_20260609232435.pdf: No module named 'pdfminer'
2026-06-09 23:28:58,997 | WARNING | SKIP case_025 (putusan_1498_pid.b_2025_pn_mdn_20260609232435.pdf) | chars=0 | q=0.0
2026-06-09 23:28:58,998 | ERROR | Gagal ekstrak PDF putusan_1499_pid.b_2024_pn_mdn_20260609191104.pdf: No module named 'pdfminer'
2026-06-09 23:28:58,998 | WARNING | SKIP case_026 (putusan_1499_pid.b_2024_pn_mdn_20260609191104.pdf) | chars=0 | q=0.0
2026-06-09 23:28:59,000 | ERROR | Gagal ekstrak PDF putusan_1506_pid.b_2025_pn_mdn_20260609232344.pdf: No module named 'pdfminer'
2026-06-09 23:28:59,001 | WARNING | SKIP case_027 (putusan_1506_pid.b_2025_pn_mdn_20260609232344.pdf) | chars=0 | q=0.0
2026-06-09 23:28:59,002 | ERROR | Gagal ekstrak PDF putusan_1522_pid.b_2024_pn_mdn_20260609190933.pdf: No module named 'pdfminer'
2026-06-09 23:28:59,004 | WARNING | SKIP case_028 (putusan_1522_pid.b_2024_pn_mdn_20260609190933.pdf) | chars=0 | q=0.0
2026-06-09 23:28:59,005 | ERROR | Gagal ekstrak PDF putusan_1535_pid.b_2024_pn_mdn_20260609191053.pdf: No module named 'pdfminer'
2026-06-09 23:28:59,006 | WARNING | SKIP case_029 (putusan_1535_pid.b_2024_pn_mdn_20260609191053.pdf) | chars=0 | q=0.0
2026-06-09 23:28:59,007 | ERROR | Gagal ekstrak PDF putusan_1551_pid.b_2024_pn_mdn_20260609190819.pdf: No module named 'pdfminer'
2026-06-09 23:28:59,008 | WARNING | SKIP case_030 (putusan_1551_pid.b_2024_pn_mdn_20260609190819.pdf) | chars=0 | q=0.0
2026-06-09 23:28:59,009 | ERROR | Gagal ekstrak PDF putusan_1693_pid.b_2024_pn_mdn_20260609190720.pdf: No module named 'pdfminer'
2026-06-09 23:28:59,011 | WARNING | SKIP case_031 (putusan_1693_pid.b_2024_pn_mdn_20260609190720.pdf) | chars=0 | q=0.0
2026-06-09 23:28:59,012 | ERROR | Gagal ekstrak PDF putusan_1710_pid.b_2024_pn_mdn_20260609190758.pdf: No module named 'pdfminer'
2026-06-09 23:28:59,013 | WARNING | SKIP case_032 (putusan_1710_pid.b_2024_pn_mdn_20260609190758.pdf) | chars=0 | q=0.0
2026-06-09 23:28:59,015 | ERROR | Gagal ekstrak PDF putusan_1730_pid.b_2024_pn_mdn_20260609190741.pdf: No module named 'pdfminer'
2026-06-09 23:28:59,016 | WARNING | SKIP case_033 (putusan_1730_pid.b_2024_pn_mdn_20260609190741.pdf) | chars=0 | q=0.0
2026-06-09 23:28:59,018 | ERROR | Gagal ekstrak PDF putusan_1740_pid.b_2025_pn_mdn_20260609230621.pdf: No module named 'pdfminer'
2026-06-09 23:28:59,019 | WARNING | SKIP case_034 (putusan_1740_pid.b_2025_pn_mdn_20260609230621.pdf) | chars=0 | q=0.0
2026-06-09 23:28:59,021 | ERROR | Gagal ekstrak PDF putusan_1782_pid.b_2024_pn_mdn_20260609190833.pdf: No module named 'pdfminer'
2026-06-09 23:28:59,022 | WARNING | SKIP case_035 (putusan_1782_pid.b_2024_pn_mdn_20260609190833.pdf) | chars=0 | q=0.0
2026-06-09 23:28:59,023 | ERROR | Gagal ekstrak PDF putusan_1792_pid.b_2025_pn_mdn_20260609230532.pdf: No module named 'pdfminer'
2026-06-09 23:28:59,024 | WARNING | SKIP case_036 (putusan_1792_pid.b_2025_pn_mdn_20260609230532.pdf) | chars=0 | q=0.0
2026-06-09 23:28:59,025 | ERROR | Gagal ekstrak PDF putusan_1806_pid.b_2025_pn_mdn_20260609232329.pdf: No module named 'pdfminer'
2026-06-09 23:28:59,026 | WARNING | SKIP case_037 (putusan_1806_pid.b_2025_pn_mdn_20260609232329.pdf) | chars=0 | q=0.0
2026-06-09 23:28:59,028 | ERROR | Gagal ekstrak PDF putusan_180_pid.b_2026_pn_mdn_20260606095122.pdf: No module named 'pdfminer'
2026-06-09 23:28:59,028 | WARNING | SKIP case_038 (putusan_180_pid.b_2026_pn_mdn_20260606095122.pdf) | chars=0 | q=0.0
2026-06-09 23:28:59,030 | ERROR | Gagal ekstrak PDF putusan_1846_pid.b_2024_pn_mdn_20260609190849.pdf: No module named 'pdfminer'
2026-06-09 23:28:59,030 | WARNING | SKIP case_039 (putusan_1846_pid.b_2024_pn_mdn_20260609190849.pdf) | chars=0 | q=0.0
2026-06-09 23:28:59,032 | ERROR | Gagal ekstrak PDF putusan_1904_pid.b_2024_pn_mdn_20260609190642.pdf: No module named 'pdfminer'
2026-06-09 23:28:59,033 | WARNING | SKIP case_040 (putusan_1904_pid.b_2024_pn_mdn_20260609190642.pdf) | chars=0 | q=0.0
2026-06-09 23:28:59,034 | ERROR | Gagal ekstrak PDF putusan_2050_pid.b_2025_pn_mdn_20260609232209.pdf: No module named 'pdfminer'
2026-06-09 23:28:59,034 | WARNING | SKIP case_041 (putusan_2050_pid.b_2025_pn_mdn_20260609232209.pdf) | chars=0 | q=0.0
2026-06-09 23:28:59,035 | ERROR | Gagal ekstrak PDF putusan_2057_pid.b_2025_pn_mdn_20260609232216.pdf: No module named 'pdfminer'
2026-06-09 23:28:59,036 | WARNING | SKIP case_042 (putusan_2057_pid.b_2025_pn_mdn_20260609232216.pdf) | chars=0 | q=0.0
2026-06-09 23:28:59,037 | ERROR | Gagal ekstrak PDF putusan_2065_pid.b_2024_pn_mdn_20260609190559.pdf: No module named 'pdfminer'
2026-06-09 23:28:59,037 | WARNING | SKIP case_043 (putusan_2065_pid.b_2024_pn_mdn_20260609190559.pdf) | chars=0 | q=0.0
2026-06-09 23:28:59,038 | ERROR | Gagal ekstrak PDF putusan_2101_pid.b_2025_pn_mdn_20260609232201.pdf: No module named 'pdfminer'
2026-06-09 23:28:59,039 | WARNING | SKIP case_044 (putusan_2101_pid.b_2025_pn_mdn_20260609232201.pdf) | chars=0 | q=0.0
2026-06-09 23:28:59,040 | ERROR | Gagal ekstrak PDF putusan_386_pid.b_2026_pn_mdn_20260519110142.pdf: No module named 'pdfminer'
2026-06-09 23:28:59,041 | WARNING | SKIP case_045 (putusan_386_pid.b_2026_pn_mdn_20260519110142.pdf) | chars=0 | q=0.0
2026-06-09 23:28:59,042 | ERROR | Gagal ekstrak PDF putusan_444_pid.b_2026_pn_mdn_20260609230507.pdf: No module named 'pdfminer'
2026-06-09 23:28:59,043 | WARNING | SKIP case_046 (putusan_444_pid.b_2026_pn_mdn_20260609230507.pdf) | chars=0 | q=0.0
2026-06-09 23:28:59,044 | ERROR | Gagal ekstrak PDF putusan_446_pid.b_2024_pn_mdn_20260609193020.pdf: No module named 'pdfminer'
2026-06-09 23:28:59,045 | WARNING | SKIP case_047 (putusan_446_pid.b_2024_pn_mdn_20260609193020.pdf) | chars=0 | q=0.0
2026-06-09 23:28:59,046 | ERROR | Gagal ekstrak PDF putusan_447_pid.b_2024_pn_mdn_20260609192846.pdf: No module named 'pdfminer'
2026-06-09 23:28:59,047 | WARNING | SKIP case_048 (putusan_447_pid.b_2024_pn_mdn_20260609192846.pdf) | chars=0 | q=0.0
2026-06-09 23:28:59,048 | ERROR | Gagal ekstrak PDF putusan_532_pid.b_2024_pn_mdn_20260609192741.pdf: No module named 'pdfminer'
2026-06-09 23:28:59,049 | WARNING | SKIP case_049 (putusan_532_pid.b_2024_pn_mdn_20260609192741.pdf) | chars=0 | q=0.0
2026-06-09 23:28:59,053 | ERROR | Gagal ekstrak PDF putusan_534_pid.b_2024_pn_mdn_20260609192945.pdf: No module named 'pdfminer'
2026-06-09 23:28:59,054 | WARNING | SKIP case_050 (putusan_534_pid.b_2024_pn_mdn_20260609192945.pdf) | chars=0 | q=0.0
2026-06-09 23:28:59,055 | ERROR | Gagal ekstrak PDF putusan_570_pid.b_2024_pn_mdn_20260609193209.pdf: No module named 'pdfminer'
2026-06-09 23:28:59,056 | WARNING | SKIP case_051 (putusan_570_pid.b_2024_pn_mdn_20260609193209.pdf) | chars=0 | q=0.0
2026-06-09 23:28:59,057 | ERROR | Gagal ekstrak PDF putusan_586_pid.b_2024_pn_mdn_20260609193256.pdf: No module named 'pdfminer'
2026-06-09 23:28:59,058 | WARNING | SKIP case_052 (putusan_586_pid.b_2024_pn_mdn_20260609193256.pdf) | chars=0 | q=0.0
2026-06-09 23:28:59,059 | ERROR | Gagal ekstrak PDF putusan_587_pid.b_2024_pn_mdn_20260609192804.pdf: No module named 'pdfminer'
2026-06-09 23:28:59,060 | WARNING | SKIP case_053 (putusan_587_pid.b_2024_pn_mdn_20260609192804.pdf) | chars=0 | q=0.0
2026-06-09 23:28:59,060 | ERROR | Gagal ekstrak PDF putusan_599_pid.b_2024_pn_mdn_20260609193134.pdf: No module named 'pdfminer'
2026-06-09 23:28:59,061 | WARNING | SKIP case_054 (putusan_599_pid.b_2024_pn_mdn_20260609193134.pdf) | chars=0 | q=0.0
2026-06-09 23:28:59,062 | ERROR | Gagal ekstrak PDF putusan_612_pid.b_2024_pn_mdn_20260609193058.pdf: No module named 'pdfminer'
2026-06-09 23:28:59,062 | WARNING | SKIP case_055 (putusan_612_pid.b_2024_pn_mdn_20260609193058.pdf) | chars=0 | q=0.0
2026-06-09 23:28:59,064 | ERROR | Gagal ekstrak PDF putusan_621_pid.b_2024_pn_mdn_20260609192708.pdf: No module named 'pdfminer'
2026-06-09 23:28:59,064 | WARNING | SKIP case_056 (putusan_621_pid.b_2024_pn_mdn_20260609192708.pdf) | chars=0 | q=0.0
2026-06-09 23:28:59,065 | ERROR | Gagal ekstrak PDF putusan_820_pid.b_2024_pn_mdn_20260609192443.pdf: No module named 'pdfminer'
2026-06-09 23:28:59,067 | WARNING | SKIP case_057 (putusan_820_pid.b_2024_pn_mdn_20260609192443.pdf) | chars=0 | q=0.0
2026-06-09 23:28:59,068 | ERROR | Gagal ekstrak PDF putusan_880_pid.b_2024_pn_mdn_20260609192239.pdf: No module named 'pdfminer'
2026-06-09 23:28:59,069 | WARNING | SKIP case_058 (putusan_880_pid.b_2024_pn_mdn_20260609192239.pdf) | chars=0 | q=0.0
2026-06-09 23:28:59,070 | ERROR | Gagal ekstrak PDF putusan_932_pid.b_2024_pn_mdn_20260609192327.pdf: No module named 'pdfminer'
2026-06-09 23:28:59,071 | WARNING | SKIP case_059 (putusan_932_pid.b_2024_pn_mdn_20260609192327.pdf) | chars=0 | q=0.0
2026-06-09 23:28:59,072 | ERROR | Gagal ekstrak PDF putusan_979_pid.b_2024_pn_mdn_20260609192538.pdf: No module named 'pdfminer'
2026-06-09 23:28:59,073 | WARNING | SKIP case_060 (putusan_979_pid.b_2024_pn_mdn_20260609192538.pdf) | chars=0 | q=0.0
2026-06-09 23:46:26,874 | INFO | OK   case_001 | 4907 kata | q=1.0
2026-06-09 23:46:27,695 | INFO | OK   case_002 | 9220 kata | q=1.0
2026-06-09 23:46:28,278 | INFO | OK   case_003 | 6402 kata | q=1.0
2026-06-09 23:46:28,955 | INFO | OK   case_004 | 6769 kata | q=1.0
2026-06-09 23:46:29,333 | INFO | OK   case_005 | 4062 kata | q=1.0
2026-06-09 23:46:29,665 | INFO | OK   case_006 | 3494 kata | q=1.0
2026-06-09 23:46:30,315 | INFO | OK   case_007 | 7072 kata | q=1.0
2026-06-09 23:46:30,965 | INFO | OK   case_008 | 7199 kata | q=1.0
2026-06-09 23:46:31,614 | INFO | OK   case_009 | 7090 kata | q=1.0
2026-06-09 23:46:31,987 | INFO | OK   case_010 | 3748 kata | q=1.0
2026-06-09 23:46:32,518 | INFO | OK   case_011 | 5119 kata | q=1.0
2026-06-09 23:46:33,314 | INFO | OK   case_012 | 7603 kata | q=1.0
2026-06-09 23:46:33,756 | INFO | OK   case_013 | 4398 kata | q=1.0
2026-06-09 23:46:34,229 | INFO | OK   case_014 | 4751 kata | q=1.0
2026-06-09 23:46:34,685 | INFO | OK   case_015 | 4753 kata | q=1.0
2026-06-09 23:46:35,243 | INFO | OK   case_016 | 5903 kata | q=1.0
2026-06-09 23:46:35,778 | INFO | OK   case_017 | 5445 kata | q=1.0
2026-06-09 23:46:36,620 | INFO | OK   case_018 | 9681 kata | q=1.0
2026-06-09 23:46:37,695 | INFO | OK   case_019 | 11539 kata | q=1.0
2026-06-09 23:46:38,207 | INFO | OK   case_020 | 4422 kata | q=1.0
2026-06-09 23:46:38,642 | INFO | OK   case_021 | 4402 kata | q=1.0
2026-06-09 23:46:39,220 | INFO | OK   case_022 | 5846 kata | q=1.0
2026-06-09 23:46:39,827 | INFO | OK   case_023 | 6455 kata | q=1.0
2026-06-09 23:46:40,280 | INFO | OK   case_024 | 4824 kata | q=1.0
2026-06-09 23:46:40,757 | INFO | OK   case_025 | 4824 kata | q=1.0
2026-06-09 23:46:41,125 | INFO | OK   case_026 | 4044 kata | q=1.0
2026-06-09 23:46:41,625 | INFO | OK   case_027 | 5269 kata | q=1.0
2026-06-09 23:46:42,196 | INFO | OK   case_028 | 5545 kata | q=1.0
2026-06-09 23:46:42,589 | INFO | OK   case_029 | 3880 kata | q=1.0
2026-06-09 23:46:42,946 | INFO | OK   case_030 | 3320 kata | q=1.0
2026-06-09 23:46:43,341 | INFO | OK   case_031 | 3987 kata | q=1.0
2026-06-09 23:46:43,908 | INFO | OK   case_032 | 5795 kata | q=1.0
2026-06-09 23:46:44,281 | INFO | OK   case_033 | 3749 kata | q=1.0
2026-06-09 23:46:45,131 | INFO | OK   case_034 | 9361 kata | q=1.0
2026-06-09 23:46:45,630 | INFO | OK   case_035 | 5619 kata | q=1.0
2026-06-09 23:46:46,264 | INFO | OK   case_036 | 7481 kata | q=1.0
2026-06-09 23:46:46,688 | INFO | OK   case_037 | 5067 kata | q=1.0
2026-06-09 23:46:47,446 | INFO | OK   case_038 | 8369 kata | q=1.0
2026-06-09 23:46:47,786 | INFO | OK   case_039 | 3677 kata | q=1.0
2026-06-09 23:46:48,233 | INFO | OK   case_040 | 5221 kata | q=1.0
2026-06-09 23:46:48,757 | INFO | OK   case_041 | 6020 kata | q=1.0
2026-06-09 23:46:49,128 | INFO | OK   case_042 | 4183 kata | q=1.0
2026-06-09 23:46:49,477 | INFO | OK   case_043 | 3632 kata | q=1.0
2026-06-09 23:46:49,858 | INFO | OK   case_044 | 4354 kata | q=1.0
2026-06-09 23:46:50,285 | INFO | OK   case_045 | 4864 kata | q=1.0
2026-06-09 23:46:50,683 | INFO | OK   case_046 | 4089 kata | q=1.0
2026-06-09 23:46:51,477 | INFO | OK   case_047 | 8657 kata | q=1.0
2026-06-09 23:46:52,321 | INFO | OK   case_048 | 9018 kata | q=1.0
2026-06-09 23:46:52,739 | INFO | OK   case_049 | 4364 kata | q=1.0
2026-06-09 23:46:53,185 | INFO | OK   case_050 | 5064 kata | q=1.0
2026-06-09 23:46:53,805 | INFO | OK   case_051 | 7203 kata | q=1.0
2026-06-09 23:46:54,191 | INFO | OK   case_052 | 3722 kata | q=1.0
2026-06-09 23:46:54,537 | INFO | OK   case_053 | 3747 kata | q=1.0
2026-06-09 23:46:55,202 | INFO | OK   case_054 | 7509 kata | q=1.0
2026-06-09 23:46:55,595 | INFO | OK   case_055 | 4396 kata | q=1.0
2026-06-09 23:46:55,966 | INFO | OK   case_056 | 4122 kata | q=1.0
2026-06-09 23:46:56,634 | INFO | OK   case_057 | 7794 kata | q=1.0
2026-06-09 23:46:57,255 | INFO | OK   case_058 | 7724 kata | q=1.0
2026-06-09 23:46:57,610 | INFO | OK   case_059 | 3909 kata | q=1.0
2026-06-09 23:46:57,980 | INFO | OK   case_060 | 4002 kata | q=1.0
2026-06-09 23:49:21,680 | INFO | OK   case_001 | 4907 kata | q=1.0
2026-06-09 23:49:22,553 | INFO | OK   case_002 | 9220 kata | q=1.0
2026-06-09 23:49:23,148 | INFO | OK   case_003 | 6402 kata | q=1.0
2026-06-09 23:49:23,840 | INFO | OK   case_004 | 6769 kata | q=1.0
2026-06-09 23:49:24,253 | INFO | OK   case_005 | 4062 kata | q=1.0
2026-06-09 23:49:24,592 | INFO | OK   case_006 | 3494 kata | q=1.0
2026-06-09 23:49:25,212 | INFO | OK   case_007 | 7072 kata | q=1.0
2026-06-09 23:49:25,832 | INFO | OK   case_008 | 7199 kata | q=1.0
2026-06-09 23:49:26,431 | INFO | OK   case_009 | 7090 kata | q=1.0
2026-06-09 23:49:26,774 | INFO | OK   case_010 | 3748 kata | q=1.0
2026-06-09 23:49:27,234 | INFO | OK   case_011 | 5119 kata | q=1.0
2026-06-09 23:49:28,009 | INFO | OK   case_012 | 7603 kata | q=1.0
2026-06-09 23:49:28,436 | INFO | OK   case_013 | 4398 kata | q=1.0
2026-06-09 23:49:28,881 | INFO | OK   case_014 | 4751 kata | q=1.0
2026-06-09 23:49:29,330 | INFO | OK   case_015 | 4753 kata | q=1.0
2026-06-09 23:49:29,850 | INFO | OK   case_016 | 5903 kata | q=1.0
2026-06-09 23:49:30,335 | INFO | OK   case_017 | 5445 kata | q=1.0
2026-06-09 23:49:31,146 | INFO | OK   case_018 | 9681 kata | q=1.0
2026-06-09 23:49:32,157 | INFO | OK   case_019 | 11539 kata | q=1.0
2026-06-09 23:49:32,632 | INFO | OK   case_020 | 4422 kata | q=1.0
2026-06-09 23:49:33,057 | INFO | OK   case_021 | 4402 kata | q=1.0
2026-06-09 23:49:33,629 | INFO | OK   case_022 | 5846 kata | q=1.0
2026-06-09 23:49:34,254 | INFO | OK   case_023 | 6455 kata | q=1.0
2026-06-09 23:49:34,707 | INFO | OK   case_024 | 4824 kata | q=1.0
2026-06-09 23:49:35,156 | INFO | OK   case_025 | 4824 kata | q=1.0
2026-06-09 23:49:35,524 | INFO | OK   case_026 | 4044 kata | q=1.0
2026-06-09 23:49:36,011 | INFO | OK   case_027 | 5269 kata | q=1.0
2026-06-09 23:49:36,556 | INFO | OK   case_028 | 5545 kata | q=1.0
2026-06-09 23:49:36,919 | INFO | OK   case_029 | 3880 kata | q=1.0
2026-06-09 23:49:37,263 | INFO | OK   case_030 | 3320 kata | q=1.0
2026-06-09 23:49:37,648 | INFO | OK   case_031 | 3987 kata | q=1.0
2026-06-09 23:49:38,192 | INFO | OK   case_032 | 5795 kata | q=1.0
2026-06-09 23:49:38,572 | INFO | OK   case_033 | 3749 kata | q=1.0
2026-06-09 23:49:39,437 | INFO | OK   case_034 | 9361 kata | q=1.0
2026-06-09 23:49:39,936 | INFO | OK   case_035 | 5619 kata | q=1.0
2026-06-09 23:49:40,575 | INFO | OK   case_036 | 7481 kata | q=1.0
2026-06-09 23:49:41,012 | INFO | OK   case_037 | 5067 kata | q=1.0
2026-06-09 23:49:41,773 | INFO | OK   case_038 | 8369 kata | q=1.0
2026-06-09 23:49:42,121 | INFO | OK   case_039 | 3677 kata | q=1.0
2026-06-09 23:49:42,582 | INFO | OK   case_040 | 5221 kata | q=1.0
2026-06-09 23:49:43,135 | INFO | OK   case_041 | 6020 kata | q=1.0
2026-06-09 23:49:43,542 | INFO | OK   case_042 | 4183 kata | q=1.0
2026-06-09 23:49:43,877 | INFO | OK   case_043 | 3632 kata | q=1.0
2026-06-09 23:49:44,265 | INFO | OK   case_044 | 4354 kata | q=1.0
2026-06-09 23:49:44,687 | INFO | OK   case_045 | 4864 kata | q=1.0
2026-06-09 23:49:45,094 | INFO | OK   case_046 | 4089 kata | q=1.0
2026-06-09 23:49:45,907 | INFO | OK   case_047 | 8657 kata | q=1.0
2026-06-09 23:49:46,749 | INFO | OK   case_048 | 9018 kata | q=1.0
2026-06-09 23:49:47,170 | INFO | OK   case_049 | 4364 kata | q=1.0
2026-06-09 23:49:47,656 | INFO | OK   case_050 | 5064 kata | q=1.0
2026-06-09 23:49:48,309 | INFO | OK   case_051 | 7203 kata | q=1.0
2026-06-09 23:49:48,692 | INFO | OK   case_052 | 3722 kata | q=1.0
2026-06-09 23:49:49,050 | INFO | OK   case_053 | 3747 kata | q=1.0
2026-06-09 23:49:49,731 | INFO | OK   case_054 | 7509 kata | q=1.0
2026-06-09 23:49:50,132 | INFO | OK   case_055 | 4396 kata | q=1.0
2026-06-09 23:49:50,521 | INFO | OK   case_056 | 4122 kata | q=1.0
2026-06-09 23:49:51,195 | INFO | OK   case_057 | 7794 kata | q=1.0
2026-06-09 23:49:51,839 | INFO | OK   case_058 | 7724 kata | q=1.0
2026-06-09 23:49:52,196 | INFO | OK   case_059 | 3909 kata | q=1.0
2026-06-09 23:49:52,580 | INFO | OK   case_060 | 4002 kata | q=1.0
2026-06-10 00:02:39,340 | INFO | OK   case_001 | 4907 kata | q=1.0
2026-06-10 00:02:41,506 | INFO | OK   case_002 | 9220 kata | q=1.0
2026-06-10 00:02:43,307 | INFO | OK   case_003 | 6402 kata | q=1.0
2026-06-10 00:02:45,700 | INFO | OK   case_004 | 9649 kata | q=1.0
2026-06-10 00:02:47,245 | INFO | OK   case_005 | 6769 kata | q=1.0
2026-06-10 00:02:48,565 | INFO | OK   case_006 | 4062 kata | q=1.0
2026-06-10 00:02:49,437 | INFO | OK   case_007 | 3494 kata | q=1.0
2026-06-10 00:02:50,720 | INFO | OK   case_008 | 7072 kata | q=1.0
